#
# There is insufficient memory for the Java Runtime Environment to continue.
# Native memory allocation (malloc) failed to allocate 1048576 bytes for AllocateHeap
# Possible reasons:
#   The system is out of physical RAM or swap space
#   In 32 bit mode, the process size limit was hit
# Possible solutions:
#   Reduce memory load on the system
#   Increase physical memory or swap space
#   Check if swap backing store is full
#   Use 64 bit Java on a 64 bit OS
#   Decrease Java heap size (-Xmx/-Xms)
#   Decrease number of Java threads
#   Decrease Java thread stack sizes (-Xss)
#   Set larger code cache with -XX:ReservedCodeCacheSize=
# This output file may be truncated or incomplete.
#
#  Out of Memory Error (memory/allocation.inline.hpp:61), pid=6548, tid=0x0000000000001694
#
# JRE version:  (8.0_102-b14) (build )
# Java VM: Java HotSpot(TM) 64-Bit Server VM (25.102-b14 mixed mode windows-amd64 compressed oops)
# Failed to write core dump. Minidumps are not enabled by default on client versions of Windows
#

---------------  T H R E A D  ---------------

Current thread (0x00000000035a0800):  JavaThread "Unknown thread" [_thread_in_vm, id=5780, stack(0x0000000003400000,0x0000000003500000)]

Stack: [0x0000000003400000,0x0000000003500000]
[error occurred during error reporting (printing stack bounds), id 0xc0000005]

Native frames: (J=compiled Java code, j=interpreted, Vv=VM code, C=native code)


---------------  P R O C E S S  ---------------

Java Threads: ( => current thread )

Other Threads:

=>0x00000000035a0800 (exited) JavaThread "Unknown thread" [_thread_in_vm, id=5780, stack(0x0000000003400000,0x0000000003500000)]

VM state:not at safepoint (normal execution)

VM Mutex/Monitor currently owned by a thread: None

Heap:
 PSYoungGen      total 38400K, used 665K [0x00000000d5c00000, 0x00000000d8680000, 0x0000000100000000)
  eden space 33280K, 2% used [0x00000000d5c00000,0x00000000d5ca6670,0x00000000d7c80000)
  from space 5120K, 0% used [0x00000000d8180000,0x00000000d8180000,0x00000000d8680000)
  to   space 5120K, 0% used [0x00000000d7c80000,0x00000000d7c80000,0x00000000d8180000)
 ParOldGen       total 87552K, used 0K [0x0000000081400000, 0x0000000086980000, 0x00000000d5c00000)
  object space 87552K, 0% used [0x0000000081400000,0x0000000081400000,0x0000000086980000)
 Metaspace       used 770K, capacity 4480K, committed 4480K, reserved 1056768K
  class space    used 75K, capacity 384K, committed 384K, reserved 1048576K

Card table byte_map: [0x0000000012a60000,0x0000000012e60000] byte_map_base: 0x0000000012656000

Marking Bits: (ParMarkBitMap*) 0x0000000054eaa6c0
 Begin Bits: [0x0000000013510000, 0x00000000154c0000)
 End Bits:   [0x00000000154c0000, 0x0000000017470000)

Polling page: 0x0000000002fe0000

CodeCache: size=245760Kb used=328Kb max_used=328Kb free=245431Kb
 bounds [0x00000000036a0000, 0x0000000003910000, 0x00000000126a0000]
 total_blobs=58 nmethods=0 adapters=38
 compilation: enabled

Compilation events (0 events):
No events

GC Heap History (0 events):
No events

Deoptimization events (0 events):
No events

Internal exceptions (0 events):
No events

Events (10 events):
Event: 0.022 loading class java/lang/Short
Event: 0.022 loading class java/lang/Short done
Event: 0.022 loading class java/lang/Integer
Event: 0.022 loading class java/lang/Integer done
Event: 0.022 loading class java/lang/Long
Event: 0.022 loading class java/lang/Long done
Event: 0.022 loading class java/lang/NullPointerException
Event: 0.022 loading class java/lang/NullPointerException done
Event: 0.022 loading class java/lang/ArithmeticException
Event: 0.022 loading class java/lang/ArithmeticException done


Dynamic libraries:
0x00007ff6e4b90000 - 0x00007ff6e4bc7000 	C:\Program Files\Java\jdk1.8.0_102\bin\javaw.exe
0x00007ffd9ca40000 - 0x00007ffd9cc11000 	C:\Windows\SYSTEM32\ntdll.dll
0x00007ffd9c8f0000 - 0x00007ffd9c99b000 	C:\Windows\System32\KERNEL32.DLL
0x00007ffd99150000 - 0x00007ffd9936d000 	C:\Windows\System32\KERNELBASE.dll
0x00007ffd9c600000 - 0x00007ffd9c6a2000 	C:\Windows\System32\ADVAPI32.dll
0x00007ffd9c9a0000 - 0x00007ffd9ca3e000 	C:\Windows\System32\msvcrt.dll
0x00007ffd9bb60000 - 0x00007ffd9bbb9000 	C:\Windows\System32\sechost.dll
0x00007ffd9c7c0000 - 0x00007ffd9c8e1000 	C:\Windows\System32\RPCRT4.dll
0x00007ffd9c060000 - 0x00007ffd9c1c5000 	C:\Windows\System32\USER32.dll
0x00007ffd990c0000 - 0x00007ffd990de000 	C:\Windows\System32\win32u.dll
0x00007ffd9c1d0000 - 0x00007ffd9c204000 	C:\Windows\System32\GDI32.dll
0x00007ffd98f30000 - 0x00007ffd990b2000 	C:\Windows\System32\gdi32full.dll
0x00007ffd877a0000 - 0x00007ffd87a19000 	C:\Windows\WinSxS\amd64_microsoft.windows.common-controls_6595b64144ccf1df_6.0.14393.447_none_42191651c6827bb3\COMCTL32.dll
0x00007ffd9b4e0000 - 0x00007ffd9b7a8000 	C:\Windows\System32\combase.dll
0x00007ffd99d00000 - 0x00007ffd99df5000 	C:\Windows\System32\ucrtbase.dll
0x00007ffd990e0000 - 0x00007ffd9914a000 	C:\Windows\System32\bcryptPrimitives.dll
0x00007ffd9b7b0000 - 0x00007ffd9b7de000 	C:\Windows\System32\IMM32.DLL
0x00000000545b0000 - 0x0000000054681000 	C:\Program Files\Java\jdk1.8.0_102\jre\bin\msvcr100.dll
0x0000000054690000 - 0x0000000054f2a000 	C:\Program Files\Java\jdk1.8.0_102\jre\bin\server\jvm.dll
0x00007ffd9c7b0000 - 0x00007ffd9c7b8000 	C:\Windows\System32\PSAPI.DLL
0x00007ffd8e8c0000 - 0x00007ffd8e8ca000 	C:\Windows\SYSTEM32\VERSION.dll
0x00007ffd7ac00000 - 0x00007ffd7ac09000 	C:\Windows\SYSTEM32\WSOCK32.dll
0x00007ffd97250000 - 0x00007ffd97273000 	C:\Windows\SYSTEM32\WINMM.dll
0x00007ffd9bbc0000 - 0x00007ffd9bc2a000 	C:\Windows\System32\WS2_32.dll
0x00007ffd96fb0000 - 0x00007ffd96fdb000 	C:\Windows\SYSTEM32\WINMMBASE.dll
0x00007ffd99cb0000 - 0x00007ffd99cf2000 	C:\Windows\System32\cfgmgr32.dll
0x00000000545a0000 - 0x00000000545af000 	C:\Program Files\Java\jdk1.8.0_102\jre\bin\verify.dll
0x0000000054570000 - 0x0000000054599000 	C:\Program Files\Java\jdk1.8.0_102\jre\bin\java.dll
0x0000000054550000 - 0x0000000054566000 	C:\Program Files\Java\jdk1.8.0_102\jre\bin\zip.dll

VM Arguments:
jvm_args: -Dfile.encoding=UTF-8 
java_command: saturday.Pairs
java_class_path (initial): C:\Users\pc\workspace\saturday\bin
Launcher Type: SUN_STANDARD

Environment Variables:
JAVA_HOME=C:\Program Files\Java\jdk1.8.0_102
PATH=C:/Program Files/Java/jdk1.8.0_102/bin/../jre/bin/server;C:/Program Files/Java/jdk1.8.0_102/bin/../jre/bin;C:/Program Files/Java/jdk1.8.0_102/bin/../jre/lib/amd64;C:\oraclexe\app\oracle\product\11.2.0\server\bin;C:\Program Files\Java\jdk1.8.0_102\bin;C:\ProgramData\Oracle\Java\javapath;C:\Windows\system32;C:\Windows;C:\Windows\System32\Wbem;C:\Windows\System32\WindowsPowerShell\v1.0\;C:\Program Files\Git\cmd;C:\dev64\sw\mysql-5.7.16-winx64\bin;C:\dev64\sw\sqlite-tools-win32-x86-3150100\sqlite-tools-win32-x86-3150100;C:\Program Files (x86)\ePapyrus\Papyrus-PlugIn-web;C:\Program Files (x86)\ePapyrus\Papyrus-PlugIn-web\Addins;C:\Program Files\nodejs\;C:\Users\pc\AppData\Local\Microsoft\WindowsApps;C:\Program Files (x86)\SSH Communications Security\SSH Secure Shell;C:\Users\pc\AppData\Local\atom\bin;C:\Users\pc\AppData\Roaming\npm;C:\dev64\sw\eclipse-jee-neon-1a-win32-x86_64\eclipse;
USERNAME=pc
OS=Windows_NT
PROCESSOR_IDENTIFIER=Intel64 Family 6 Model 78 Stepping 3, GenuineIntel



---------------  S Y S T E M  ---------------

OS: Windows 10.0 , 64 bit Build 14393 (10.0.14393.0)

CPU:total 4 (2 cores per cpu, 2 threads per core) family 6 model 78 stepping 3, cmov, cx8, fxsr, mmx, sse, sse2, sse3, ssse3, sse4.1, sse4.2, popcnt, avx, avx2, aes, clmul, erms, 3dnowpref, lzcnt, ht, tsc, tscinvbit, bmi1, bmi2, adx

Memory: 4k page, physical 8302844k(904512k free), swap 8302844k(5760k free)

vm_info: Java HotSpot(TM) 64-Bit Server VM (25.102-b14) for windows-amd64 JRE (1.8.0_102-b14), built on Jun 22 2016 13:15:21 by "java_re" with MS VC++ 10.0 (VS2010)

time: Sat Jan 14 14:37:39 2017
elapsed time: 0 seconds (0d 0h 0m 0s)

